<?xml  version="1.0" encoding="UTF-8"?>
<beans xmlns="http://www.springframework.org/schema/beans"
       xmlns:xsi="http://www.w3.org/2001/XMLSchema-instance"
       xmlns:tx="http://www.springframework.org/schema/tx"
       xsi:schemaLocation="http://www.springframework.org/schema/beans http://www.springframework.org/schema/beans/spring-beans.xsd
        http://www.springframework.org/schema/tx http://www.springframework.org/schema/tx/spring-tx.xsd">


    <!-- Менеджер транзакций -->
    <bean id="transactionManager"
          class="org.springframework.orm.hibernate4.HibernateTransactionManager">
        <property name="sessionFactory" ref="sessionFactory"/>
    </bean>

    <!-- Настраивает управление транзакциями с помощью аннотации @Transactional -->
    <tx:annotation-driven transaction-manager="transactionManager"/>

    <!-- Настройки бина dataSource будем хранить в отдельном файле -->
    <bean id="propertyConfigurer"
          class="org.springframework.beans.factory.config.PropertyPlaceholderConfigurer">
        <property name="location" value="classpath:/DaoServiceTestResources/test-database.properties"/>
    </bean>

    <!-- Непосредственно бин dataSource -->
    <bean id="dataSource"
          class="org.springframework.jdbc.datasource.DriverManagerDataSource">
        <property name="driverClassName" value="${jdbc.driverClassName}"/>
        <property name="url" value="${jdbc.databaseurl}"/>
        <property name="username" value="${jdbc.username}"/>
        <property name="password" value="${jdbc.password}"/>
    </bean>

    <!-- Настройки фабрики сессий Хибернейта -->
    <bean id="sessionFactory"
          class="org.springframework.orm.hibernate4.LocalSessionFactoryBean" scope="prototype">
        <property name="dataSource" ref="dataSource"/>
        <property name="configLocation">
            <value>classpath:/DaoServiceTestResources/test-hibernate.cfg.xml</value>
        </property>
        <!-- <property name="configurationClass">
            <value>org.hibernate.cfg.AnnotationConfiguration</value>
        </property> -->
        <property name="hibernateProperties">
            <props>
                <prop key="hibernate.show_sql">true</prop>
                <prop key="hibernate.dialect">${jdbc.dialect}</prop>
                <prop key="hibernate.connection.charSet">UTF-8</prop>
                <prop key="hibernate.connection.characterEncoding">utf8</prop>
                <prop key="hibernate.connection.useUnicode">true</prop>
                <prop key="hibernate.max_fetch_depth">3</prop>
                <prop key="hibernate.jdbc.batch_size">10</prop>
                <prop key="hibernate.jdbc.fetch_size">50</prop>
            </props>
        </property>
    </bean>

</beans>